<?xml version="1.0" encoding="UTF-8"?>
<beans xmlns="http://www.springframework.org/schema/beans"
	xmlns:xsi="http://www.w3.org/2001/XMLSchema-instance"
	xmlns:tx="http://www.springframework.org/schema/tx"
	xmlns:context="http://www.springframework.org/schema/context"
	xmlns:jdbc="http://www.springframework.org/schema/jdbc"
	xmlns:aop="http://www.springframework.org/schema/aop"
	xsi:schemaLocation="http://www.springframework.org/schema/jdbc http://www.springframework.org/schema/jdbc/spring-jdbc-3.0.xsd
		http://www.springframework.org/schema/aop http://www.springframework.org/schema/aop/spring-aop-3.0.xsd
		http://www.springframework.org/schema/beans http://www.springframework.org/schema/beans/spring-beans.xsd
		http://www.springframework.org/schema/context http://www.springframework.org/schema/context/spring-context-3.0.xsd
		http://www.springframework.org/schema/tx http://www.springframework.org/schema/tx/spring-tx-3.0.xsd">
	<!-- 
	 !Define bean dataSource with Postgres
	 ! -->
	<bean id="dataSource" class="org.springframework.jdbc.datasource.DriverManagerDataSource">
		<property name="driverClassName" value="org.postgresql.Driver"/>
		<property name="url" value="jdbc:postgresql://localhost:5432/transrowi"/>
		<property name="username" value="postgres"/>
		<property name="password" value="postgres"/>
	</bean>
	<!-- 
	 !Define bean transaction manager
	 ! -->
	<bean id="transactionManager" class="org.springframework.jdbc.datasource.DataSourceTransactionManager">
		<property name="dataSource" ref="dataSource"/>
	</bean>
	
	<!-- 
	 !Enable component scaning
	 !-->
	<context:component-scan base-package="com.transrowi.taller.service"/>
	<!-- 
	 !Enable autowired
	 !-->
	<context:annotation-config/>
	<!-- 
	 !Enable transaction demarcation with annotations
	 !-->
	<tx:annotation-driven/>
	<!-- 
	 !Define the sqlSessionFactory
	 !-->
	<bean id="sqlSessionFactory" class="org.mybatis.spring.SqlSessionFactoryBean">
		<property name="dataSource" ref="dataSource"/>
		<property name="typeAliasesPackage" value="com.transrowi.taller.domain"/>
	</bean>
	<!-- 
	 !Scan for mapper and let them be autowired
	 !-->
	<bean class="org.mybatis.spring.mapper.MapperScannerConfigurer">
		<property name="basePackage" value="com.transrowi.taller.persistence"/>
	</bean>
	
</beans>
